生成启动时间为 2021/3/10 21:47:09。
     1>项目“E:\Project\language_C\try\try\try.vcxproj”在节点 2 上(build 个目标)。
     1>PrepareForBuild:
         正在创建目录“E:\Project\language_C\try\Debug\”。
       InitializeBuildStatus:
         正在创建“Debug\try.unsuccessfulbuild”，因为已指定“AlwaysCreate”。
       ClCompile:
         D:\VS_2010\VC\bin\CL.exe /c /ZI /nologo /W3 /WX- /Od /Oy- /D _MBCS /Gm /EHsc /RTC1 /MDd /GS /fp:precise /Zc:wchar_t /Zc:forScope /Fo"Debug\\" /Fd"Debug\vc100.pdb" /Gd /TC /analyze- /errorReport:prompt try.c
         try.c
     1>e:\project\language_c\try\try\try.c(7): warning C4996: 'scanf': This function or variable may be unsafe. Consider using scanf_s instead. To disable deprecation, use _CRT_SECURE_NO_WARNINGS. See online help for details.
                 d:\vs_2010\vc\include\stdio.h(304) : 参见“scanf”的声明
     1>e:\project\language_c\try\try\try.c(17): warning C4716: “pf”: 必须返回一个值
       Link:
         D:\VS_2010\VC\bin\link.exe /ERRORREPORT:PROMPT /OUT:"E:\Project\language_C\try\Debug\try.exe" /NOLOGO kernel32.lib user32.lib gdi32.lib winspool.lib comdlg32.lib advapi32.lib shell32.lib ole32.lib oleaut32.lib uuid.lib odbc32.lib odbccp32.lib /MANIFEST /ManifestFile:"Debug\try.exe.intermediate.manifest" /MANIFESTUAC:"level='asInvoker' uiAccess='false'" /DEBUG /PDB:"E:\Project\language_C\try\Debug\try.pdb" /TLBID:1 /DYNAMICBASE /NXCOMPAT /IMPLIB:"E:\Project\language_C\try\Debug\try.lib" /MACHINE:X86 Debug\try.obj
         try.vcxproj -> E:\Project\language_C\try\Debug\try.exe
       Manifest:
         C:\Program Files (x86)\Microsoft SDKs\Windows\v7.0A\bin\mt.exe /nologo /verbose /outputresource:"E:\Project\language_C\try\Debug\try.exe;#1" /manifest Debug\try.exe.intermediate.manifest
       FinalizeBuildStatus:
         正在删除文件“Debug\try.unsuccessfulbuild”。
         正在对“Debug\try.lastbuildstate”执行 Touch 任务。
     1>已完成生成项目“E:\Project\language_C\try\try\try.vcxproj”(build 个目标)的操作。

生成成功。

已用时间 00:00:00.59
